<?xml version="1.0" encoding="UTF-8"?>
<testng-results ignored="0" total="1" passed="1" failed="0" skipped="0">
  <reporter-output>
  </reporter-output>
  <suite started-at="2022-01-14T20:45:59 IST" name="Default suite" finished-at="2022-01-14T20:47:01 IST" duration-ms="61117">
    <groups>
    </groups>
    <test started-at="2022-01-14T20:45:59 IST" name="Default test" finished-at="2022-01-14T20:47:01 IST" duration-ms="61117">
      <class name="media.NMobileMedia">
        <test-method signature="run()[pri:0, instance:media.NMobileMedia@62230c58]" started-at="2022-01-14T20:46:00 IST" name="run" finished-at="2022-01-14T20:47:01 IST" duration-ms="60969" status="PASS">
          <reporter-output>
          </reporter-output>
        </test-method> <!-- run -->
      </class> <!-- media.NMobileMedia -->
    </test> <!-- Default test -->
  </suite> <!-- Default suite -->
</testng-results>
